<?xml version="1.0" encoding="UTF-8"?>
<!-- Generated by org.testng.reporters.JUnitReportReporter -->
<testsuite hostname="LAPTOP-GMFDT67H" failures="0" tests="2" name="testCases.TC001_Acc_reg" time="7.386" errors="0" timestamp="2025-01-29T00:00:35 IST" skipped="0">
  <testcase classname="testCases.TC001_Acc_reg" name="reg_validation" time="3.516"/>
  <testcase classname="testCases.TC001_Acc_reg" name="reg_validation" time="3.870"/>
</testsuite> <!-- testCases.TC001_Acc_reg -->
