<?xml version="1.0" encoding="UTF-8"?>
<!-- Generated by org.testng.reporters.JUnitReportReporter -->
<testsuite hostname="LAPTOP-GMFDT67H" failures="0" tests="2" name="testCases.TC001_Acc_reg" time="6.178" errors="0" timestamp="2024-10-19T15:24:37 IST" skipped="0">
  <testcase classname="testCases.TC001_Acc_reg" name="reg_validation" time="3.201"/>
  <testcase classname="testCases.TC001_Acc_reg" name="reg_validation" time="2.977"/>
</testsuite> <!-- testCases.TC001_Acc_reg -->
