<?xml version="1.0" encoding="UTF-8"?>
<!-- Generated by org.testng.reporters.JUnitReportReporter -->
<testsuite hostname="LAPTOP-GMFDT67H" failures="0" tests="1" name="testCases.TC002_login_valid_creden" time="2.668" errors="0" timestamp="2025-01-29T00:37:40 IST" skipped="0">
  <testcase classname="testCases.TC002_login_valid_creden" name="login" time="2.668"/>
</testsuite> <!-- testCases.TC002_login_valid_creden -->
