<?xml version="1.0" encoding="UTF-8"?>
<!-- Generated by org.testng.reporters.JUnitReportReporter -->
<testsuite hostname="LAPTOP-GMFDT67H" failures="0" tests="2" name="testCases.TC002_login_valid_creden" time="4.210" errors="0" timestamp="2024-10-19T15:24:37 IST" skipped="0">
  <testcase classname="testCases.TC002_login_valid_creden" name="login" time="2.450"/>
  <testcase classname="testCases.TC002_login_valid_creden" name="login" time="1.760"/>
</testsuite> <!-- testCases.TC002_login_valid_creden -->
