<?xml version="1.0" encoding="UTF-8"?>
<!-- Generated by org.testng.reporters.JUnitReportReporter -->
<testsuite hostname="LAPTOP-GMFDT67H" failures="0" tests="2" name="testCases.TC001_Acc_reg" time="8.771" errors="0" timestamp="2024-10-21T21:59:28 IST" skipped="0">
  <testcase classname="testCases.TC001_Acc_reg" name="reg_validation" time="3.540"/>
  <testcase classname="testCases.TC001_Acc_reg" name="reg_validation" time="5.231"/>
</testsuite> <!-- testCases.TC001_Acc_reg -->
